2025-09-23T15:26:13.063Z [info]: Incoming GET : /register
2025-09-23T15:26:18.227Z [info]: Incoming POST : /register
2025-09-23T15:28:06.823Z [info]: Incoming POST : /users/register
2025-09-23T15:28:07.210Z [info]: Creating new user: Alice
2025-09-23T15:29:13.911Z [info]: Incoming POST : /users/register
2025-09-23T15:29:13.946Z [warn]: Username already registered
2025-09-23T15:29:38.061Z [info]: Incoming POST : /users/register
2025-09-23T15:29:38.199Z [info]: Creating new user: Bob
2025-09-23T15:30:32.204Z [info]: Incoming GET : /users/Alice
2025-09-23T15:31:32.854Z [info]: Incoming GET : /users/Alice
2025-09-23T15:32:11.216Z [info]: Incoming DELETE : /users/Alice
2025-09-23T15:32:43.271Z [info]: Incoming POST : /users/register
2025-09-23T15:32:43.410Z [info]: Creating new user: Alice
2025-09-23T15:34:40.525Z [info]: Incoming DELETE : /users/Alice
2025-09-23T15:35:02.534Z [info]: Incoming DELETE : /users/Alice
2025-09-23T15:35:11.007Z [info]: Incoming POST : /users/register
2025-09-23T15:35:11.179Z [info]: Creating new user: Alice
2025-09-23T15:35:14.374Z [info]: Incoming DELETE : /users/Alice
2025-09-23T15:35:33.834Z [info]: Incoming POST : /users/register
2025-09-23T15:35:33.963Z [info]: Creating new user: Alice
2025-09-23T15:35:40.501Z [info]: Incoming DELETE : /users/Alice
2025-09-23T15:36:31.110Z [info]: Incoming POST : /users/register
2025-09-23T15:36:31.482Z [info]: Creating new user: Alice
2025-09-23T15:36:34.273Z [info]: Incoming DELETE : /users/Alice
2025-09-23T15:45:02.886Z [info]: Incoming GET : /users/login
2025-09-23T15:45:11.132Z [info]: Incoming POST : /users/register
2025-09-23T15:45:11.302Z [info]: Creating new user: Alice
2025-09-23T15:45:14.397Z [info]: Incoming GET : /users/login
2025-09-23T15:45:24.642Z [info]: Incoming GET : /users/login
2025-09-23T15:45:34.833Z [info]: Incoming GET : /users/login
2025-09-23T15:46:14.741Z [info]: Incoming GET : /users/Alice
2025-09-23T15:46:18.260Z [info]: Incoming GET : /users/login
2025-09-23T15:46:35.320Z [info]: Incoming POST : /users/login
2025-09-23T15:46:35.431Z [info]: Logged in Alice
2025-09-23T15:47:53.650Z [info]: Incoming POST : /users/login
2025-09-23T15:47:53.967Z [info]: Logged in Alice
2025-09-23T15:49:00.357Z [info]: Incoming POST : /users/login
2025-09-23T15:49:00.652Z [info]: Logged in Alice
2025-09-23T15:53:37.048Z [info]: Incoming POST : /users/register
2025-09-23T15:53:37.390Z [info]: Creating new user: Charlie
2025-09-23T15:53:46.194Z [info]: Incoming GET : /users/Charlie
2025-09-23T15:53:59.159Z [info]: Incoming DELETE : /users/Charlie
2025-09-23T15:54:04.695Z [info]: Incoming POST : /users/login
2025-09-23T15:54:04.792Z [info]: Logged in Alice
